Build started 10/19/2014 12:45:19 PM.
Project "C:\Users\sammahdad\Documents\Visual Studio 2013\Projects\BioSeq\BioSeq\BioSeq.vcxproj" on node 2 (Build target(s)).
Building with tools version "12.0".
Target "_CheckForInvalidConfigurationAndPlatform" in file "C:\Program Files (x86)\MSBuild\12.0\bin\Microsoft.Common.CurrentVersion.targets" from project "C:\Users\sammahdad\Documents\Visual Studio 2013\Projects\BioSeq\BioSeq\BioSeq.vcxproj" (entry point):
Task "Error" skipped, due to false condition; ( '$(_InvalidConfigurationError)' == 'true' ) was evaluated as ( '' == 'true' ).
Task "Warning" skipped, due to false condition; ( '$(_InvalidConfigurationWarning)' == 'true' ) was evaluated as ( '' == 'true' ).
Using "Message" task from assembly "Microsoft.Build.Tasks.v12.0, Version=12.0.0.0, Culture=neutral, PublicKeyToken=b03f5f7f11d50a3a".
Task "Message"
  Configuration=Debug
Done executing task "Message".
Task "Message"
  Platform=Win32
Done executing task "Message".
Task "Error" skipped, due to false condition; ('$(OutDir)' != '' and !HasTrailingSlash('$(OutDir)')) was evaluated as ('C:\Users\sammahdad\Documents\Visual Studio 2013\Projects\BioSeq\Debug\' != '' and !HasTrailingSlash('C:\Users\sammahdad\Documents\Visual Studio 2013\Projects\BioSeq\Debug\')).
Task "Error" skipped, due to false condition; ('$(BaseIntermediateOutputPath)' != '' and !HasTrailingSlash('$(BaseIntermediateOutputPath)')) was evaluated as ('obj\' != '' and !HasTrailingSlash('obj\')).
Task "Error" skipped, due to false condition; ('$(IntermediateOutputPath)' != '' and !HasTrailingSlash('$(IntermediateOutputPath)')) was evaluated as ('Debug\' != '' and !HasTrailingSlash('Debug\')).
Done building target "_CheckForInvalidConfigurationAndPlatform" in project "BioSeq.vcxproj".
Target "_PrepareForBuild" in file "C:\Program Files (x86)\MSBuild\Microsoft.Cpp\v4.0\V120\Microsoft.BuildSteps.Targets" from project "C:\Users\sammahdad\Documents\Visual Studio 2013\Projects\BioSeq\BioSeq\BioSeq.vcxproj" (target "Build" depends on it):
Task "CreateItem" skipped, due to false condition; ('%(CustomBuild.IncludeFileToTool)'!='') was evaluated as (''!='').
Done building target "_PrepareForBuild" in project "BioSeq.vcxproj".
Target "_PrepareForReferenceResolution" in file "C:\Program Files (x86)\MSBuild\Microsoft.Cpp\v4.0\V120\Microsoft.CppBuild.targets" from project "C:\Users\sammahdad\Documents\Visual Studio 2013\Projects\BioSeq\BioSeq\BioSeq.vcxproj" (target "ResolveReferences" depends on it):
Task "Message" skipped, due to false condition; ('$(_REFERENCE_DEBUG)'=='true') was evaluated as (''=='true').
Done building target "_PrepareForReferenceResolution" in project "BioSeq.vcxproj".
Target "ComputeCrtSDKReference" skipped, due to false condition; ('@(ClCompile)'!='' and '$(WindowsAppContainer)'=='true' and '$(UseCrtSDKReference)' != 'false') was evaluated as ('Chromosome.cpp;DNA.cpp;Human.cpp;Main.cpp'!='' and 'false'=='true' and '' != 'false').
Target "BeforeResolveReferences" in file "C:\Program Files (x86)\MSBuild\12.0\bin\Microsoft.Common.CurrentVersion.targets" from project "C:\Users\sammahdad\Documents\Visual Studio 2013\Projects\BioSeq\BioSeq\BioSeq.vcxproj" (target "ResolveReferences" depends on it):
Done building target "BeforeResolveReferences" in project "BioSeq.vcxproj".
Target "AssignProjectConfiguration" in file "C:\Program Files (x86)\MSBuild\12.0\bin\Microsoft.Common.CurrentVersion.targets" from project "C:\Users\sammahdad\Documents\Visual Studio 2013\Projects\BioSeq\BioSeq\BioSeq.vcxproj" (target "ResolveReferences" depends on it):
Using "AssignProjectConfiguration" task from assembly "Microsoft.Build.Tasks.v12.0, Version=12.0.0.0, Culture=neutral, PublicKeyToken=b03f5f7f11d50a3a".
Task "AssignProjectConfiguration"
Done executing task "AssignProjectConfiguration".
Done building target "AssignProjectConfiguration" in project "BioSeq.vcxproj".
Target "AssignProjectConfiguration" skipped. Previously built successfully.
Target "_SplitProjectReferencesByFileExistence" in file "C:\Program Files (x86)\MSBuild\12.0\bin\Microsoft.Common.CurrentVersion.targets" from project "C:\Users\sammahdad\Documents\Visual Studio 2013\Projects\BioSeq\BioSeq\BioSeq.vcxproj" (target "ResolveProjectReferences" depends on it):
Task "ResolveNonMSBuildProjectOutput" skipped, due to false condition; ('$(BuildingInsideVisualStudio)'=='true' and '@(ProjectReferenceWithConfiguration)'!='') was evaluated as ('true'=='true' and ''!='').
Done building target "_SplitProjectReferencesByFileExistence" in project "BioSeq.vcxproj".
Target "_RemoveNameMetadataFromProjectReferenceItems" skipped, due to false condition; ('@(ProjectReference)'!='') was evaluated as (''!='').
Target "ResolveProjectReferences" in file "C:\Program Files (x86)\MSBuild\12.0\bin\Microsoft.Common.CurrentVersion.targets" from project "C:\Users\sammahdad\Documents\Visual Studio 2013\Projects\BioSeq\BioSeq\BioSeq.vcxproj" (target "ResolveReferences" depends on it):
Task "MSBuild" skipped, due to false condition; ('%(_MSBuildProjectReferenceExistent.BuildReference)' == 'true' and '@(ProjectReferenceWithConfiguration)' != '' and ('$(BuildingInsideVisualStudio)' == 'true' or '$(BuildProjectReferences)' != 'true') and '$(VisualStudioVersion)' != '10.0' and '@(_MSBuildProjectReferenceExistent)' != '') was evaluated as ('' == 'true' and '' != '' and ('true' == 'true' or 'true' != 'true') and '12.0' != '10.0' and '' != '').
Task "MSBuild" skipped, due to false condition; ('%(_MSBuildProjectReferenceExistent.BuildReference)' == 'true' and '@(ProjectReferenceWithConfiguration)' != '' and ('$(BuildingInsideVisualStudio)' == 'true' or '$(BuildProjectReferences)' != 'true') and '$(VisualStudioVersion)' == '10.0' and '@(_MSBuildProjectReferenceExistent)' != '') was evaluated as ('' == 'true' and '' != '' and ('true' == 'true' or 'true' != 'true') and '12.0' == '10.0' and '' != '').
Task "MSBuild" skipped, due to false condition; ('%(_MSBuildProjectReferenceExistent.BuildReference)' == 'true' and '@(ProjectReferenceWithConfiguration)' != '' and '$(BuildingInsideVisualStudio)' != 'true' and '$(BuildProjectReferences)' == 'true' and '@(_MSBuildProjectReferenceExistent)' != '') was evaluated as ('' == 'true' and '' != '' and 'true' != 'true' and 'true' == 'true' and '' != '').
Task "MSBuild" skipped, due to false condition; ('%(_MSBuildProjectReferenceExistent.BuildReference)' == 'true' and '@(ProjectReferenceWithConfiguration)' != '' and '$(BuildingProject)' == 'true' and '@(_MSBuildProjectReferenceExistent)' != '') was evaluated as ('' == 'true' and '' != '' and 'true' == 'true' and '' != '').
Task "Warning" skipped, due to false condition; ('@(ProjectReferenceWithConfiguration)' != '' and '@(_MSBuildProjectReferenceNonexistent)' != '') was evaluated as ('' != '' and '' != '').
Done building target "ResolveProjectReferences" in project "BioSeq.vcxproj".
Target "FindInvalidProjectReferences" skipped, due to false condition; ('$(FindInvalidProjectReferences)' == 'true') was evaluated as ('' == 'true').
Target "ResolveNativeReferences" skipped, due to false condition; ('@(NativeReference)'!='') was evaluated as (''!='').
Target "_PrepareForReferenceResolution" skipped. Previously built successfully.
Target "GetFrameworkPaths" in file "C:\Program Files (x86)\MSBuild\12.0\bin\Microsoft.NetFramework.CurrentVersion.targets" from project "C:\Users\sammahdad\Documents\Visual Studio 2013\Projects\BioSeq\BioSeq\BioSeq.vcxproj" (target "ResolveAssemblyReferences" depends on it):
Done building target "GetFrameworkPaths" in project "BioSeq.vcxproj".
Target "GetWinFXPath" skipped, due to false condition; (('@(Page)' != '' or '@(ApplicationDefinition)' != '' or '@(Resource)' != '') and ('$(GetWinFXNativePath)' != '' or '$(GetWinFXWoWPath)' != '' )) was evaluated as (('' != '' or '' != '' or '' != '') and ('' != '' or '' != '' )).
Target "GetReferenceAssemblyPaths" in file "C:\Program Files (x86)\MSBuild\12.0\bin\Microsoft.Common.CurrentVersion.targets" from project "C:\Users\sammahdad\Documents\Visual Studio 2013\Projects\BioSeq\BioSeq\BioSeq.vcxproj" (target "ResolveAssemblyReferences" depends on it):
Task "GetReferenceAssemblyPaths" skipped, due to false condition; ('$(TargetFrameworkMoniker)' != '' and ('$(_TargetFrameworkDirectories)' == '' or '$(_FullFrameworkReferenceAssemblyPaths)' == '')) was evaluated as ('' != '' and ('C:\Program Files (x86)\Reference Assemblies\Microsoft\Framework\.NETFramework\v4.0' == '' or 'C:\Program Files (x86)\Reference Assemblies\Microsoft\Framework\.NETFramework\v4.0' == '')).
Done building target "GetReferenceAssemblyPaths" in project "BioSeq.vcxproj".
Target "SetBuildDefaultEnvironmentVariables" in file "C:\Program Files (x86)\MSBuild\Microsoft.Cpp\v4.0\V120\Microsoft.Cpp.targets" from project "C:\Users\sammahdad\Documents\Visual Studio 2013\Projects\BioSeq\BioSeq\BioSeq.vcxproj" (target "PrepareForBuild" depends on it):
Using "SetEnv" task from assembly "C:\Program Files (x86)\MSBuild\Microsoft.Cpp\v4.0\V120\Microsoft.Build.CppTasks.Common.dll".
Task "SetEnv"
  PATH=C:\Program Files (x86)\Microsoft Visual Studio 12.0\VC\bin;C:\Program Files (x86)\Windows Kits\8.1\bin\x86;;C:\Program Files (x86)\Microsoft SDKs\Windows\v8.1A\bin\NETFX 4.5.1 Tools;C:\Program Files (x86)\Microsoft Visual Studio 12.0\Common7\Tools\bin;C:\Program Files (x86)\Microsoft Visual Studio 12.0\Common7\tools;C:\Program Files (x86)\Microsoft Visual Studio 12.0\Common7\ide;C:\Program Files (x86)\HTML Help Workshop;;C:\Program Files (x86)\MSBuild\12.0\bin\;C:\Windows\Microsoft.NET\Framework\v4.0.30319\;C:\Windows\SysWow64;;C:\Program Files (x86)\Parallels\Parallels Tools\Applications;C:\Windows\system32;C:\Windows;C:\Windows\System32\Wbem;C:\Windows\System32\WindowsPowerShell\v1.0\;C:\Program Files (x86)\Windows Kits\8.1\Windows Performance Toolkit\;C:\Program Files\Microsoft SQL Server\110\Tools\Binn\;
Done executing task "SetEnv".
Task "SetEnv"
  LIB=C:\Program Files (x86)\Microsoft Visual Studio 12.0\VC\lib;C:\Program Files (x86)\Microsoft Visual Studio 12.0\VC\atlmfc\lib;C:\Program Files (x86)\Windows Kits\8.1\lib\winv6.3\um\x86;;
Done executing task "SetEnv".
Task "SetEnv"
  LIBPATH=C:\Program Files (x86)\Microsoft Visual Studio 12.0\VC\atlmfc\lib;C:\Program Files (x86)\Microsoft Visual Studio 12.0\VC\lib;
Done executing task "SetEnv".
Task "SetEnv"
  INCLUDE=C:\Program Files (x86)\Microsoft Visual Studio 12.0\VC\include;C:\Program Files (x86)\Microsoft Visual Studio 12.0\VC\atlmfc\include;C:\Program Files (x86)\Windows Kits\8.1\Include\um;C:\Program Files (x86)\Windows Kits\8.1\Include\shared;C:\Program Files (x86)\Windows Kits\8.1\Include\winrt;;
Done executing task "SetEnv".
Done building target "SetBuildDefaultEnvironmentVariables" in project "BioSeq.vcxproj".
Target "SetUserMacroEnvironmentVariables" skipped, due to false condition; ('@(BuildMacro)' != '') was evaluated as ('' != '').
Target "GetResolvedWinMD" in file "C:\Program Files (x86)\MSBuild\Microsoft.Cpp\v4.0\V120\Microsoft.CppBuild.targets" from project "C:\Users\sammahdad\Documents\Visual Studio 2013\Projects\BioSeq\BioSeq\BioSeq.vcxproj" (target "PrepareForBuild" depends on it):
Done building target "GetResolvedWinMD" in project "BioSeq.vcxproj".
Target "PlatformPrepareForBuild" in file "C:\Program Files (x86)\MSBuild\Microsoft.Cpp\v4.0\V120\Microsoft.Cpp.Platform.targets" from project "C:\Users\sammahdad\Documents\Visual Studio 2013\Projects\BioSeq\BioSeq\BioSeq.vcxproj" (target "PrepareForBuild" depends on it):
Task "VCMessage" skipped, due to false condition; ('$(_Error64bitToolsNotInstalled)' == 'true') was evaluated as ('' == 'true').
Task "VCMessage" skipped, due to false condition; ('$(ConfigurationPlatformExists)' != 'true') was evaluated as ('true' != 'true').
Task "VCMessage" skipped, due to false condition; ('$(ToolsetTargetsFound)' != 'true') was evaluated as ('true' != 'true').
Done building target "PlatformPrepareForBuild" in project "BioSeq.vcxproj".
Target "GetFrameworkPaths" skipped. Previously built successfully.
Target "GetReferenceAssemblyPaths" skipped. Previously built successfully.
Target "SetCABuildNativeEnvironmentVariables" in file "C:\Program Files (x86)\MSBuild\Microsoft\VisualStudio\v12.0\CodeAnalysis\Microsoft.CodeAnalysis.targets" from project "C:\Users\sammahdad\Documents\Visual Studio 2013\Projects\BioSeq\BioSeq\BioSeq.vcxproj" (target "PrepareForBuild" depends on it):
Initializing task factory "CodeTaskFactory" from assembly "C:\Program Files (x86)\MSBuild\12.0\bin\Microsoft.Build.Tasks.v12.0.dll".
Using "SetEnvironmentVariable" task from the task factory "Code Task Factory".
Task "SetEnvironmentVariable"
Done executing task "SetEnvironmentVariable".
Done building target "SetCABuildNativeEnvironmentVariables" in project "BioSeq.vcxproj".
Target "PrepareForBuild" in file "C:\Program Files (x86)\MSBuild\Microsoft.Cpp\v4.0\V120\Microsoft.CppBuild.targets" from project "C:\Users\sammahdad\Documents\Visual Studio 2013\Projects\BioSeq\BioSeq\BioSeq.vcxproj" (target "ResolveAssemblyReferences" depends on it):
Task "VCMessage" skipped, due to false condition; ('$(DesignTimeBuild)' != 'true' and '$(ConfigurationPlatformExists)' != 'true') was evaluated as ('' != 'true' and 'true' != 'true').
Using "MakeDir" task from assembly "Microsoft.Build.Tasks.v12.0, Version=12.0.0.0, Culture=neutral, PublicKeyToken=b03f5f7f11d50a3a".
Task "MakeDir"
Done executing task "MakeDir".
Task "VCMessage" skipped, due to false condition; ('$(DesignTimeBuild)'!='true' and '$(WindowsAppContainer)'=='true' and '$(ConfigurationType)'!='Application' and '$(ConfigurationType)'!='DynamicLibrary' and '$(ConfigurationType)'!='StaticLibrary') was evaluated as (''!='true' and 'false'=='true' and 'Application'!='Application' and 'Application'!='DynamicLibrary' and 'Application'!='StaticLibrary').
Task "VCMessage" skipped, due to false condition; ('$(DesignTimeBuild)'!='true' and '$(VCInstallDir)'=='' and '$(UseEnv)' != 'true' and ('$(TargetFrameworkVersion)'=='v3.5' or '$(TargetFrameworkVersion)'=='v3.0' or '$(TargetFrameworkVersion)'=='v2.0' )) was evaluated as (''!='true' and 'C:\Program Files (x86)\Microsoft Visual Studio 12.0\VC\'=='' and '' != 'true' and ('v4.0'=='v3.5' or 'v4.0'=='v3.0' or 'v4.0'=='v2.0' )).
Task "VCMessage" skipped, due to false condition; ('$(DesignTimeBuild)'!='true' and '$(VCInstallDir)'=='' and '$(UseEnv)' != 'true' and '$(PlatformToolset)'=='v90') was evaluated as (''!='true' and 'C:\Program Files (x86)\Microsoft Visual Studio 12.0\VC\'=='' and '' != 'true' and 'v120'=='v90').
Task "VCMessage" skipped, due to false condition; ('$(VCInstallDir)'=='' and '$(UseEnv)' != 'true') was evaluated as ('C:\Program Files (x86)\Microsoft Visual Studio 12.0\VC\'=='' and '' != 'true').
Task "VCMessage" skipped, due to false condition; ('$(WindowsSDKDir)'=='' and '$(UseEnv)' != 'true') was evaluated as ('C:\Program Files (x86)\Windows Kits\8.1\'=='' and '' != 'true').
Task "VCMessage" skipped, due to false condition; ('$(IntDirTrailingSlashWarning)'=='true') was evaluated as (''=='true').
Task "VCMessage" skipped, due to false condition; ('$(OutDirTrailingSlashWarning)'=='true') was evaluated as (''=='true').
Task "VCMessage" skipped, due to false condition; ('%(CompatibilityIssues.Identity)' != '' and '$(DesignTimeBuild)'!='true') was evaluated as ('' != '' and ''!='true').
Task "VCMessage" skipped, due to false condition; ('$(_MBCS_Using)' == 'true' and '$(_MBCS_Installed)' != 'true' and '$(DesignTimeBuild)' != 'true') was evaluated as ('' == 'true' and '' != 'true' and '' != 'true').
Task "VCMessage" skipped, due to false condition; ('$(IgnoreWarnIntDirSharingDetected)' != 'true' and '$(IntDirSharingDetected)' == 'true') was evaluated as ('' != 'true' and '' == 'true').
Task "VCMessage" skipped, due to false condition; ('$(IgnoreWarnIntDirInTempDetected)' != 'true' and ('$(_IntDirFullpath.StartsWith($(Tmp), true, null))' == 'true' or '$(_IntDirFullpath.StartsWith($(Temp), true, null))' == 'true' or '$(_OutDirFullpath.StartsWith($(Tmp), true, null))' == 'true' or '$(_OutDirFullpath.StartsWith($(Temp), true, null))' == 'true')) was evaluated as ('' != 'true' and ('False' == 'true' or 'False' == 'true' or 'False' == 'true' or 'False' == 'true')).
Task "MakeDir"
Done executing task "MakeDir".
Done building target "PrepareForBuild" in project "BioSeq.vcxproj".
Target "_PrepareForReferenceResolution" skipped. Previously built successfully.
Target "ComputeCrtSDKReference" skipped, due to false condition; ('@(ClCompile)'!='' and '$(WindowsAppContainer)'=='true' and '$(UseCrtSDKReference)' != 'false') was evaluated as ('Chromosome.cpp;DNA.cpp;Human.cpp;Main.cpp'!='' and 'false'=='true' and '' != 'false').
Target "GetInstalledSDKLocations" in file "C:\Program Files (x86)\MSBuild\12.0\bin\Microsoft.Common.CurrentVersion.targets" from project "C:\Users\sammahdad\Documents\Visual Studio 2013\Projects\BioSeq\BioSeq\BioSeq.vcxproj" (target "ResolveSDKReferences" depends on it):
Task "GetInstalledSDKLocations" skipped, due to false condition; ('@(SDKReference)' != '') was evaluated as ('' != '').
Done building target "GetInstalledSDKLocations" in project "BioSeq.vcxproj".
Target "ResolveSDKReferences" in file "C:\Program Files (x86)\MSBuild\12.0\bin\Microsoft.Common.CurrentVersion.targets" from project "C:\Users\sammahdad\Documents\Visual Studio 2013\Projects\BioSeq\BioSeq\BioSeq.vcxproj" (target "ResolveAssemblyReferences" depends on it):
Task "ResolveSDKReference" skipped, due to false condition; ('@(SDKReference)'!='') was evaluated as (''!='').
Done building target "ResolveSDKReferences" in project "BioSeq.vcxproj".
Target "ResolveSDKReferences" skipped. Previously built successfully.
Target "ExpandSDKReferences" in file "C:\Program Files (x86)\MSBuild\12.0\bin\Microsoft.Common.CurrentVersion.targets" from project "C:\Users\sammahdad\Documents\Visual Studio 2013\Projects\BioSeq\BioSeq\BioSeq.vcxproj" (target "ResolveAssemblyReferences" depends on it):
Task "GetSDKReferenceFiles" skipped, due to false condition; ('@(ResolvedSDKReference)'!='') was evaluated as (''!='').
Done building target "ExpandSDKReferences" in project "BioSeq.vcxproj".
Target "FakesGenerateBeforeBuild" skipped, due to false condition; (@(Fakes) != '' AND $(BuildingProject)) was evaluated as ( != '' AND true).
Target "ResolveAssemblyReferences" in file "C:\Program Files (x86)\MSBuild\12.0\bin\Microsoft.Common.CurrentVersion.targets" from project "C:\Users\sammahdad\Documents\Visual Studio 2013\Projects\BioSeq\BioSeq\BioSeq.vcxproj" (target "ResolveReferences" depends on it):
Task "ResolveAssemblyReference" skipped, due to false condition; ('@(Reference)'!='' or '@(_ResolvedProjectReferencePaths)'!='' or '@(_ExplicitReference)' != '') was evaluated as (''!='' or ''!='' or '' != '').
Done building target "ResolveAssemblyReferences" in project "BioSeq.vcxproj".
Target "GenerateBindingRedirects" skipped, due to false condition; ('$(AutoGenerateBindingRedirects)' == 'true' and '$(GenerateBindingRedirectsOutputType)' == 'true') was evaluated as ('' == 'true' and 'true' == 'true').
Target "ResolveComReferences" skipped, due to false condition; ('@(COMReference)'!='' or '@(COMFileReference)'!='') was evaluated as (''!='' or ''!='').
Target "AfterResolveReferences" in file "C:\Program Files (x86)\MSBuild\12.0\bin\Microsoft.Common.CurrentVersion.targets" from project "C:\Users\sammahdad\Documents\Visual Studio 2013\Projects\BioSeq\BioSeq\BioSeq.vcxproj" (target "ResolveReferences" depends on it):
Done building target "AfterResolveReferences" in project "BioSeq.vcxproj".
Target "ImplicitlyExpandDesignTimeFacades" skipped, due to false condition; ('$(ImplicitlyExpandDesignTimeFacades)' == 'true') was evaluated as ('' == 'true').
Target "ResolveTestReferences" skipped, due to false condition; ('@(Shadow)'!='') was evaluated as (''!='').
Target "ResolveReferences" in file "C:\Program Files (x86)\MSBuild\12.0\bin\Microsoft.Common.CurrentVersion.targets" from project "C:\Users\sammahdad\Documents\Visual Studio 2013\Projects\BioSeq\BioSeq\BioSeq.vcxproj" (target "Build" depends on it):
Done building target "ResolveReferences" in project "BioSeq.vcxproj".
Target "PrepareForBuild" skipped. Previously built successfully.
Target "PrepareForBuild" skipped. Previously built successfully.
Target "InitializeBuildStatus" in file "C:\Program Files (x86)\MSBuild\Microsoft.Cpp\v4.0\V120\Microsoft.CppBuild.targets" from project "C:\Users\sammahdad\Documents\Visual Studio 2013\Projects\BioSeq\BioSeq\BioSeq.vcxproj" (target "Build" depends on it):
Using "ReadLinesFromFile" task from assembly "Microsoft.Build.Tasks.v12.0, Version=12.0.0.0, Culture=neutral, PublicKeyToken=b03f5f7f11d50a3a".
Task "ReadLinesFromFile"
Done executing task "ReadLinesFromFile".
Using "WriteLinesToFile" task from assembly "Microsoft.Build.Tasks.v12.0, Version=12.0.0.0, Culture=neutral, PublicKeyToken=b03f5f7f11d50a3a".
Task "WriteLinesToFile"
Done executing task "WriteLinesToFile".
Using "Touch" task from assembly "Microsoft.Build.Tasks.v12.0, Version=12.0.0.0, Culture=neutral, PublicKeyToken=b03f5f7f11d50a3a".
Task "Touch"
  Creating "Debug\BioSeq.tlog\unsuccessfulbuild" because "AlwaysCreate" was specified.
Done executing task "Touch".
Done building target "InitializeBuildStatus" in project "BioSeq.vcxproj".
Target "AssignProjectConfiguration" skipped. Previously built successfully.
Target "_SplitProjectReferencesByFileExistence" skipped. Previously built successfully.
Target "BuildGenerateSourcesTraverse" in file "C:\Program Files (x86)\MSBuild\12.0\bin\Microsoft.Common.CurrentVersion.targets" from project "C:\Users\sammahdad\Documents\Visual Studio 2013\Projects\BioSeq\BioSeq\BioSeq.vcxproj" (target "BuildGenerateSources" depends on it):
Task "MSBuild" skipped, due to false condition; ('$(BuildPassReferences)' == 'true' and '@(ProjectReferenceWithConfiguration)' != '' and '@(_MSBuildProjectReferenceExistent)' != '' and '%(_MSBuildProjectReferenceExistent.BuildReference)' == 'true') was evaluated as ('' == 'true' and '' != '' and '' != '' and '' == 'true').
Done building target "BuildGenerateSourcesTraverse" in project "BioSeq.vcxproj".
Target "PrepareForBuild" skipped. Previously built successfully.
Target "ResolveReferences" skipped. Previously built successfully.
Target "BeforeBuildGenerateSources" in file "C:\Program Files (x86)\MSBuild\Microsoft.Cpp\v4.0\V120\Microsoft.BuildSteps.Targets" from project "C:\Users\sammahdad\Documents\Visual Studio 2013\Projects\BioSeq\BioSeq\BioSeq.vcxproj" (target "_BuildGenerateSourcesAction" depends on it):
Done building target "BeforeBuildGenerateSources" in project "BioSeq.vcxproj".
Target "PreBuildEvent" in file "C:\Program Files (x86)\MSBuild\Microsoft.Cpp\v4.0\V120\Microsoft.CppCommon.targets" from project "C:\Users\sammahdad\Documents\Visual Studio 2013\Projects\BioSeq\BioSeq\BioSeq.vcxproj" (target "_BuildGenerateSourcesAction" depends on it):
Task "Message" skipped, due to false condition; ('%(PreBuildEvent.Message)' != '' and '%(PreBuildEvent.Command)' != '') was evaluated as ('' != '' and '' != '').
Task "Exec" skipped, due to false condition; ('%(PreBuildEvent.Command)' != '') was evaluated as ('' != '').
Done building target "PreBuildEvent" in project "BioSeq.vcxproj".
Target "CustomBuild" skipped, due to false condition; ('@(CustomBuild)' != '') was evaluated as ('' != '').
Target "FxCompile" skipped, due to false condition; ('@(FxCompile)' != '') was evaluated as ('' != '').
Target "Xsd" skipped, due to false condition; ('@(Xsd)' != '') was evaluated as ('' != '').
Target "_Xsd" in file "C:\Program Files (x86)\MSBuild\Microsoft.Cpp\v4.0\V120\Microsoft.CppBuild.targets" from project "C:\Users\sammahdad\Documents\Visual Studio 2013\Projects\BioSeq\BioSeq\BioSeq.vcxproj" (target "_BuildGenerateSourcesAction" depends on it):
Done building target "_Xsd" in project "BioSeq.vcxproj".
Target "MakeDirsForMidl" in file "C:\Program Files (x86)\MSBuild\Microsoft.Cpp\v4.0\V120\Microsoft.CppBuild.targets" from project "C:\Users\sammahdad\Documents\Visual Studio 2013\Projects\BioSeq\BioSeq\BioSeq.vcxproj" (target "_Midl" depends on it):
Task "Makedir"
Done executing task "Makedir".
Done building target "MakeDirsForMidl" in project "BioSeq.vcxproj".
Target "Midl" skipped, due to false condition; ('@(Midl)' != '') was evaluated as ('' != '').
Target "CustomBuild" skipped, due to false condition; ('@(CustomBuild)' != '') was evaluated as ('' != '').
Target "FxCompile" skipped, due to false condition; ('@(FxCompile)' != '') was evaluated as ('' != '').
Target "ComputeMIDLGeneratedCompileInputs" in file "C:\Program Files (x86)\MSBuild\Microsoft.Cpp\v4.0\V120\Microsoft.CppBuild.targets" from project "C:\Users\sammahdad\Documents\Visual Studio 2013\Projects\BioSeq\BioSeq\BioSeq.vcxproj" (target "_Midl" depends on it):
Done building target "ComputeMIDLGeneratedCompileInputs" in project "BioSeq.vcxproj".
Target "AfterMidl" in file "C:\Program Files (x86)\MSBuild\Microsoft.Cpp\v4.0\V120\Microsoft.CppBuild.targets" from project "C:\Users\sammahdad\Documents\Visual Studio 2013\Projects\BioSeq\BioSeq\BioSeq.vcxproj" (target "_Midl" depends on it):
Done building target "AfterMidl" in project "BioSeq.vcxproj".
Target "_Midl" in file "C:\Program Files (x86)\MSBuild\Microsoft.Cpp\v4.0\V120\Microsoft.CppBuild.targets" from project "C:\Users\sammahdad\Documents\Visual Studio 2013\Projects\BioSeq\BioSeq\BioSeq.vcxproj" (target "_BuildGenerateSourcesAction" depends on it):
Done building target "_Midl" in project "BioSeq.vcxproj".
Target "AfterBuildGenerateSources" in file "C:\Program Files (x86)\MSBuild\Microsoft.Cpp\v4.0\V120\Microsoft.BuildSteps.Targets" from project "C:\Users\sammahdad\Documents\Visual Studio 2013\Projects\BioSeq\BioSeq\BioSeq.vcxproj" (target "_BuildGenerateSourcesAction" depends on it):
Done building target "AfterBuildGenerateSources" in project "BioSeq.vcxproj".
Target "AfterBuildGenerateSourcesEvent" in file "C:\Program Files (x86)\MSBuild\Microsoft.Cpp\v4.0\V120\Microsoft.CppBuild.targets" from project "C:\Users\sammahdad\Documents\Visual Studio 2013\Projects\BioSeq\BioSeq\BioSeq.vcxproj" (target "_BuildGenerateSourcesAction" depends on it):
Done building target "AfterBuildGenerateSourcesEvent" in project "BioSeq.vcxproj".
Target "_BuildGenerateSourcesAction" in file "C:\Program Files (x86)\MSBuild\Microsoft.Cpp\v4.0\V120\Microsoft.CppBuild.targets" from project "C:\Users\sammahdad\Documents\Visual Studio 2013\Projects\BioSeq\BioSeq\BioSeq.vcxproj" (target "BuildGenerateSources" depends on it):
Done building target "_BuildGenerateSourcesAction" in project "BioSeq.vcxproj".
Target "BuildGenerateSources" in file "C:\Program Files (x86)\MSBuild\12.0\bin\Microsoft.Common.CurrentVersion.targets" from project "C:\Users\sammahdad\Documents\Visual Studio 2013\Projects\BioSeq\BioSeq\BioSeq.vcxproj" (target "Build" depends on it):
Done building target "BuildGenerateSources" in project "BioSeq.vcxproj".
Target "AssignProjectConfiguration" skipped. Previously built successfully.
Target "_SplitProjectReferencesByFileExistence" skipped. Previously built successfully.
Target "BuildCompileTraverse" in file "C:\Program Files (x86)\MSBuild\12.0\bin\Microsoft.Common.CurrentVersion.targets" from project "C:\Users\sammahdad\Documents\Visual Studio 2013\Projects\BioSeq\BioSeq\BioSeq.vcxproj" (target "BuildCompile" depends on it):
Task "MSBuild" skipped, due to false condition; ('$(BuildPassReferences)' == 'true' and '@(ProjectReferenceWithConfiguration)' != '' and '@(_MSBuildProjectReferenceExistent)' != ''  and '%(_MSBuildProjectReferenceExistent.BuildReference)' == 'true') was evaluated as ('' == 'true' and '' != '' and '' != ''  and '' == 'true').
Done building target "BuildCompileTraverse" in project "BioSeq.vcxproj".
Target "PrepareForBuild" skipped. Previously built successfully.
Target "ResolveReferences" skipped. Previously built successfully.
Target "BeforeClCompile" in file "C:\Program Files (x86)\MSBuild\Microsoft.Cpp\v4.0\V120\Microsoft.CppBuild.targets" from project "C:\Users\sammahdad\Documents\Visual Studio 2013\Projects\BioSeq\BioSeq\BioSeq.vcxproj" (target "_ClCompile" depends on it):
Done building target "BeforeClCompile" in project "BioSeq.vcxproj".
Target "ComputeMIDLGeneratedCompileInputs" skipped. Previously built successfully.
Target "ComputeCLInputPDBName" in file "C:\Program Files (x86)\MSBuild\Microsoft.Cpp\v4.0\V120\Microsoft.CppBuild.targets" from project "C:\Users\sammahdad\Documents\Visual Studio 2013\Projects\BioSeq\BioSeq\BioSeq.vcxproj" (target "_ClCompile" depends on it):
Done building target "ComputeCLInputPDBName" in project "BioSeq.vcxproj".
Target "ResolveReferences" skipped. Previously built successfully.
Target "ComputeReferenceCLInput" in file "C:\Program Files (x86)\MSBuild\Microsoft.Cpp\v4.0\V120\Microsoft.CppBuild.targets" from project "C:\Users\sammahdad\Documents\Visual Studio 2013\Projects\BioSeq\BioSeq\BioSeq.vcxproj" (target "_ClCompile" depends on it):
Task "WriteLinesToFile" skipped, due to false condition; (('@(_ReferenceCopyLocalPaths)'!='') and '$(DesignTimeBuild)' != 'true') was evaluated as ((''!='') and '' != 'true').
Task "Message" skipped, due to false condition; ('$(_REFERENCE_DEBUG)'=='true') was evaluated as (''=='true').
Done building target "ComputeReferenceCLInput" in project "BioSeq.vcxproj".
Target "WarnCompileDuplicatedFilename" in file "C:\Program Files (x86)\MSBuild\Microsoft.Cpp\v4.0\V120\Microsoft.CppBuild.targets" from project "C:\Users\sammahdad\Documents\Visual Studio 2013\Projects\BioSeq\BioSeq\BioSeq.vcxproj" (target "_ClCompile" depends on it):
Task "VCMessage" skipped, due to false condition; ('%(Filename)%(Extension)' != '@(ClCompile->'%(Filename)%(Extension)')' and '%(ObjectFileName)' == '@(ClCompile->Metadata(ObjectFileName)->Distinct())') was evaluated as ('Chromosome.cpp' != 'Chromosome.cpp' and 'Debug\' == 'Debug\').
Task "VCMessage" skipped, due to false condition; ('%(Filename)%(Extension)' != '@(ClCompile->'%(Filename)%(Extension)')' and '%(ObjectFileName)' == '@(ClCompile->Metadata(ObjectFileName)->Distinct())') was evaluated as ('DNA.cpp' != 'DNA.cpp' and 'Debug\' == 'Debug\').
Task "VCMessage" skipped, due to false condition; ('%(Filename)%(Extension)' != '@(ClCompile->'%(Filename)%(Extension)')' and '%(ObjectFileName)' == '@(ClCompile->Metadata(ObjectFileName)->Distinct())') was evaluated as ('Human.cpp' != 'Human.cpp' and 'Debug\' == 'Debug\').
Task "VCMessage" skipped, due to false condition; ('%(Filename)%(Extension)' != '@(ClCompile->'%(Filename)%(Extension)')' and '%(ObjectFileName)' == '@(ClCompile->Metadata(ObjectFileName)->Distinct())') was evaluated as ('Main.cpp' != 'Main.cpp' and 'Debug\' == 'Debug\').
Done building target "WarnCompileDuplicatedFilename" in project "BioSeq.vcxproj".
Target "MakeDirsForCl" in file "C:\Program Files (x86)\MSBuild\Microsoft.Cpp\v4.0\V120\Microsoft.CppBuild.targets" from project "C:\Users\sammahdad\Documents\Visual Studio 2013\Projects\BioSeq\BioSeq\BioSeq.vcxproj" (target "_ClCompile" depends on it):
Task "MakeDir"
Done executing task "MakeDir".
Done building target "MakeDirsForCl" in project "BioSeq.vcxproj".
Target "PrepareForBuild" skipped. Previously built successfully.
Target "SetBuildDefaultEnvironmentVariables" skipped. Previously built successfully.
Target "SetUserMacroEnvironmentVariables" skipped, due to false condition; ('@(BuildMacro)' != '') was evaluated as ('' != '').
Target "_SelectedFiles" in file "C:\Program Files (x86)\MSBuild\Microsoft.Cpp\v4.0\V120\Microsoft.CppBuild.targets" from project "C:\Users\sammahdad\Documents\Visual Studio 2013\Projects\BioSeq\BioSeq\BioSeq.vcxproj" (target "SelectClCompile" depends on it):
Done building target "_SelectedFiles" in project "BioSeq.vcxproj".
Target "ComputeMIDLGeneratedCompileInputs" skipped. Previously built successfully.
Target "ComputeCLInputPDBName" skipped. Previously built successfully.
Target "ComputeReferenceCLInput" skipped. Previously built successfully.
Target "WarnCompileDuplicatedFilename" skipped. Previously built successfully.
Target "_SelectedFiles" skipped. Previously built successfully.
Target "SelectCustomBuild" in file "C:\Program Files (x86)\MSBuild\Microsoft.Cpp\v4.0\V120\Microsoft.CppBuild.targets" from project "C:\Users\sammahdad\Documents\Visual Studio 2013\Projects\BioSeq\BioSeq\BioSeq.vcxproj" (target "SelectClCompile" depends on it):
Done building target "SelectCustomBuild" in project "BioSeq.vcxproj".
Target "SelectClCompile" in file "C:\Program Files (x86)\MSBuild\Microsoft.Cpp\v4.0\V120\Microsoft.CppBuild.targets" from project "C:\Users\sammahdad\Documents\Visual Studio 2013\Projects\BioSeq\BioSeq\BioSeq.vcxproj" (target "ClCompile" depends on it):
Done building target "SelectClCompile" in project "BioSeq.vcxproj".
Target "GenerateTargetFrameworkMonikerAttribute" skipped, due to false condition; ('$(GenerateTargetFrameworkAttribute)' == 'true') was evaluated as ('false' == 'true').
Target "ManagedIncrementalBuildPreProcessDependencyGraph" skipped, due to false condition; ('@(ClCompile)' != '' and '$(EnableManagedIncrementalBuild)' == 'True') was evaluated as ('Chromosome.cpp;DNA.cpp;Human.cpp;Main.cpp' != '' and 'false' == 'True').
Target "ClCompile" in file "C:\Program Files (x86)\MSBuild\Microsoft.Cpp\v4.0\V120\Microsoft.CppCommon.targets" from project "C:\Users\sammahdad\Documents\Visual Studio 2013\Projects\BioSeq\BioSeq\BioSeq.vcxproj" (target "_ClCompile" depends on it):
Task "Delete" skipped, due to false condition; ('%(ClCompile.DebugInformationFormat)' != '' and '%(ClCompile.DebugInformationFormat)' != 'OldStyle' and '%(ClCompile.ProgramDataBaseFileName)' != '' and !Exists(%(ClCompile.ProgramDataBaseFileName))) was evaluated as ('EditAndContinue' != '' and 'EditAndContinue' != 'OldStyle' and 'Debug\vc120.pdb' != '' and !Exists(Debug\vc120.pdb)).
Task "CL" skipped, due to false condition; ('%(ClCompile.PrecompiledHeader)' == 'Create' and '%(ClCompile.ExcludedFromBuild)'!='true' and '%(ClCompile.CompilerIteration)' == '') was evaluated as ('NotUsing' == 'Create' and ''!='true' and '' == '').
Using "CL" task from assembly "C:\Program Files (x86)\MSBuild\Microsoft.Cpp\v4.0\V120\Microsoft.Build.CppTasks.Common.dll".
Task "CL"
  Read Tracking Logs:
  	Debug\BioSeq.tlog\cl.read.1.tlog
  Outputs for C:\USERS\SAMMAHDAD\DOCUMENTS\VISUAL STUDIO 2013\PROJECTS\BIOSEQ\BIOSEQ\CHROMOSOME.CPP|C:\USERS\SAMMAHDAD\DOCUMENTS\VISUAL STUDIO 2013\PROJECTS\BIOSEQ\BIOSEQ\DNA.CPP|C:\USERS\SAMMAHDAD\DOCUMENTS\VISUAL STUDIO 2013\PROJECTS\BIOSEQ\BIOSEQ\HUMAN.CPP|C:\USERS\SAMMAHDAD\DOCUMENTS\VISUAL STUDIO 2013\PROJECTS\BIOSEQ\BIOSEQ\MAIN.CPP:
  	C:\USERS\SAMMAHDAD\DOCUMENTS\VISUAL STUDIO 2013\PROJECTS\BIOSEQ\BIOSEQ\DEBUG\CHROMOSOME.OBJ
  	C:\USERS\SAMMAHDAD\DOCUMENTS\VISUAL STUDIO 2013\PROJECTS\BIOSEQ\BIOSEQ\DEBUG\DNA.OBJ
  	C:\USERS\SAMMAHDAD\DOCUMENTS\VISUAL STUDIO 2013\PROJECTS\BIOSEQ\BIOSEQ\DEBUG\HUMAN.OBJ
  	C:\USERS\SAMMAHDAD\DOCUMENTS\VISUAL STUDIO 2013\PROJECTS\BIOSEQ\BIOSEQ\DEBUG\MAIN.OBJ
  Main.cpp will be compiled as C:\Users\sammahdad\Documents\Visual Studio 2013\Projects\BioSeq\BioSeq\Main.cpp was modified at 10/19/2014 12:45:13 PM.
  Environment Variables passed to tool:
    VS_UNICODE_OUTPUT=984
  C:\Program Files (x86)\Microsoft Visual Studio 12.0\VC\bin\CL.exe /c /ZI /nologo /W3 /WX- /sdl /Od /Oy- /D _MBCS /Gm /EHsc /RTC1 /MDd /GS /fp:precise /Zc:wchar_t /Zc:forScope /Fo"Debug\\" /Fd"Debug\vc120.pdb" /Gd /TP /analyze- /errorReport:prompt Main.cpp
  Tracking command:
  C:\Program Files (x86)\MSBuild\12.0\bin\Tracker.exe /d "C:\Program Files (x86)\MSBuild\12.0\bin\FileTracker.dll" /i "C:\Users\sammahdad\Documents\Visual Studio 2013\Projects\BioSeq\BioSeq\Debug\BioSeq.tlog" /r "C:\USERS\SAMMAHDAD\DOCUMENTS\VISUAL STUDIO 2013\PROJECTS\BIOSEQ\BIOSEQ\MAIN.CPP" /b MSBuildConsole_CancelEventcd56318b2142456180b42fd9d2d9e6d9  /c "C:\Program Files (x86)\Microsoft Visual Studio 12.0\VC\bin\CL.exe"  /c /ZI /nologo /W3 /WX- /sdl /Od /Oy- /D _MBCS /Gm /EHsc /RTC1 /MDd /GS /fp:precise /Zc:wchar_t /Zc:forScope /Fo"Debug\\" /Fd"Debug\vc120.pdb" /Gd /TP /analyze- /errorReport:prompt Main.cpp
  Main.cpp
Done executing task "CL".
Done building target "ClCompile" in project "BioSeq.vcxproj".
Target "ManagedIncrementalBuildPostProcessDependencyGraph" skipped, due to false condition; ('@(ClCompile)' != '' and '$(EnableManagedIncrementalBuild)' == 'True') was evaluated as ('Chromosome.cpp;DNA.cpp;Human.cpp;Main.cpp' != '' and 'false' == 'True').
Target "AfterClCompile" in file "C:\Program Files (x86)\MSBuild\Microsoft.Cpp\v4.0\V120\Microsoft.CppBuild.targets" from project "C:\Users\sammahdad\Documents\Visual Studio 2013\Projects\BioSeq\BioSeq\BioSeq.vcxproj" (target "_ClCompile" depends on it):
Done building target "AfterClCompile" in project "BioSeq.vcxproj".
Target "_ClCompile" in file "C:\Program Files (x86)\MSBuild\Microsoft.Cpp\v4.0\V120\Microsoft.CppBuild.targets" from project "C:\Users\sammahdad\Documents\Visual Studio 2013\Projects\BioSeq\BioSeq\BioSeq.vcxproj" (target "_BuildCompileAction" depends on it):
Done building target "_ClCompile" in project "BioSeq.vcxproj".
Target "_ResGen" skipped, due to false condition; ('@(EmbeddedResource)'!='') was evaluated as (''!='').
Target "BeforeResourceCompile" in file "C:\Program Files (x86)\MSBuild\Microsoft.Cpp\v4.0\V120\Microsoft.CppBuild.targets" from project "C:\Users\sammahdad\Documents\Visual Studio 2013\Projects\BioSeq\BioSeq\BioSeq.vcxproj" (target "_ResourceCompile" depends on it):
Done building target "BeforeResourceCompile" in project "BioSeq.vcxproj".
Target "MakeDirsForResourceCompile" in file "C:\Program Files (x86)\MSBuild\Microsoft.Cpp\v4.0\V120\Microsoft.CppBuild.targets" from project "C:\Users\sammahdad\Documents\Visual Studio 2013\Projects\BioSeq\BioSeq\BioSeq.vcxproj" (target "_ResourceCompile" depends on it):
Task "MakeDir"
Done executing task "MakeDir".
Done building target "MakeDirsForResourceCompile" in project "BioSeq.vcxproj".
Target "ResourceCompile" skipped, due to false condition; ('@(ResourceCompile)' != '') was evaluated as ('' != '').
Target "AfterResourceCompile" in file "C:\Program Files (x86)\MSBuild\Microsoft.Cpp\v4.0\V120\Microsoft.CppBuild.targets" from project "C:\Users\sammahdad\Documents\Visual Studio 2013\Projects\BioSeq\BioSeq\BioSeq.vcxproj" (target "_ResourceCompile" depends on it):
Done building target "AfterResourceCompile" in project "BioSeq.vcxproj".
Target "_ResourceCompile" in file "C:\Program Files (x86)\MSBuild\Microsoft.Cpp\v4.0\V120\Microsoft.CppBuild.targets" from project "C:\Users\sammahdad\Documents\Visual Studio 2013\Projects\BioSeq\BioSeq\BioSeq.vcxproj" (target "_BuildCompileAction" depends on it):
Done building target "_ResourceCompile" in project "BioSeq.vcxproj".
Target "_ImpLib" skipped, due to false condition; ('$(ImpLibCompiled)' == 'true') was evaluated as ('' == 'true').
Target "_Lib" skipped, due to false condition; ('$(LibCompiled)' == 'true') was evaluated as ('' == 'true').
Target "AfterBuildCompileEvent" in file "C:\Program Files (x86)\MSBuild\Microsoft.Cpp\v4.0\V120\Microsoft.CppBuild.targets" from project "C:\Users\sammahdad\Documents\Visual Studio 2013\Projects\BioSeq\BioSeq\BioSeq.vcxproj" (target "_BuildCompileAction" depends on it):
Done building target "AfterBuildCompileEvent" in project "BioSeq.vcxproj".
Target "_BuildCompileAction" in file "C:\Program Files (x86)\MSBuild\Microsoft.Cpp\v4.0\V120\Microsoft.CppBuild.targets" from project "C:\Users\sammahdad\Documents\Visual Studio 2013\Projects\BioSeq\BioSeq\BioSeq.vcxproj" (target "BuildCompile" depends on it):
Done building target "_BuildCompileAction" in project "BioSeq.vcxproj".
Target "BuildCompile" in file "C:\Program Files (x86)\MSBuild\12.0\bin\Microsoft.Common.CurrentVersion.targets" from project "C:\Users\sammahdad\Documents\Visual Studio 2013\Projects\BioSeq\BioSeq\BioSeq.vcxproj" (target "Build" depends on it):
Done building target "BuildCompile" in project "BioSeq.vcxproj".
Target "AssignProjectConfiguration" skipped. Previously built successfully.
Target "_SplitProjectReferencesByFileExistence" skipped. Previously built successfully.
Target "BuildLinkTraverse" in file "C:\Program Files (x86)\MSBuild\12.0\bin\Microsoft.Common.CurrentVersion.targets" from project "C:\Users\sammahdad\Documents\Visual Studio 2013\Projects\BioSeq\BioSeq\BioSeq.vcxproj" (target "BuildLink" depends on it):
Task "MSBuild" skipped, due to false condition; ('$(BuildPassReferences)' == 'true' and '@(ProjectReferenceWithConfiguration)' != '' and '@(_MSBuildProjectReferenceExistent)' != ''  and '%(_MSBuildProjectReferenceExistent.BuildReference)' == 'true') was evaluated as ('' == 'true' and '' != '' and '' != ''  and '' == 'true').
Done building target "BuildLinkTraverse" in project "BioSeq.vcxproj".
Target "PrepareForBuild" skipped. Previously built successfully.
Target "ResolveReferences" skipped. Previously built successfully.
Target "ComputeLegacyManifestEmbedding" in file "C:\Program Files (x86)\MSBuild\Microsoft.Cpp\v4.0\V120\Microsoft.CppBuild.targets" from project "C:\Users\sammahdad\Documents\Visual Studio 2013\Projects\BioSeq\BioSeq\BioSeq.vcxproj" (target "_BuildLinkAction" depends on it):
Task "VCMessage" skipped, due to false condition; ('$(RevertManifestEmbedding)' == 'true' and '$(_LegacyManifestEmbeddingDebug)' == 'true') was evaluated as ('' == 'true' and '' == 'true').
Done building target "ComputeLegacyManifestEmbedding" in project "BioSeq.vcxproj".
Target "BeforeLink" in file "C:\Program Files (x86)\MSBuild\Microsoft.Cpp\v4.0\V120\Microsoft.CppBuild.targets" from project "C:\Users\sammahdad\Documents\Visual Studio 2013\Projects\BioSeq\BioSeq\BioSeq.vcxproj" (target "_Link" depends on it):
Done building target "BeforeLink" in project "BioSeq.vcxproj".
Target "ComputeRCOutputs" in file "C:\Program Files (x86)\MSBuild\Microsoft.Cpp\v4.0\V120\Microsoft.CppBuild.targets" from project "C:\Users\sammahdad\Documents\Visual Studio 2013\Projects\BioSeq\BioSeq\BioSeq.vcxproj" (target "ComputeRCGeneratedLinkInputs" depends on it):
Done building target "ComputeRCOutputs" in project "BioSeq.vcxproj".
Target "ComputeRCGeneratedLinkInputs" in file "C:\Program Files (x86)\MSBuild\Microsoft.Cpp\v4.0\V120\Microsoft.CppBuild.targets" from project "C:\Users\sammahdad\Documents\Visual Studio 2013\Projects\BioSeq\BioSeq\BioSeq.vcxproj" (target "_Link" depends on it):
Done building target "ComputeRCGeneratedLinkInputs" in project "BioSeq.vcxproj".
Target "ComputeManifestGeneratedLinkerInputs" in file "C:\Program Files (x86)\MSBuild\Microsoft.Cpp\v4.0\V120\Microsoft.CppBuild.targets" from project "C:\Users\sammahdad\Documents\Visual Studio 2013\Projects\BioSeq\BioSeq\BioSeq.vcxproj" (target "_Link" depends on it):
Done building target "ComputeManifestGeneratedLinkerInputs" in project "BioSeq.vcxproj".
Target "ComputeCustomBuildOutput" in file "C:\Program Files (x86)\MSBuild\Microsoft.Cpp\v4.0\V120\Microsoft.CppBuild.targets" from project "C:\Users\sammahdad\Documents\Visual Studio 2013\Projects\BioSeq\BioSeq\BioSeq.vcxproj" (target "_Link" depends on it):
Task "CreateItem" skipped, due to false condition; ('%(CustomBuildDirsToMake.OutputFileToTool)'!='') was evaluated as (''!='').
Task "MakeDir"
Done executing task "MakeDir".
Done building target "ComputeCustomBuildOutput" in project "BioSeq.vcxproj".
Target "ComputeMIDLGeneratedCompileInputs" skipped. Previously built successfully.
Target "ComputeCLInputPDBName" skipped. Previously built successfully.
Target "ComputeReferenceCLInput" skipped. Previously built successfully.
Target "WarnCompileDuplicatedFilename" skipped. Previously built successfully.
Target "ComputeCLOutputs" in file "C:\Program Files (x86)\MSBuild\Microsoft.Cpp\v4.0\V120\Microsoft.CppBuild.targets" from project "C:\Users\sammahdad\Documents\Visual Studio 2013\Projects\BioSeq\BioSeq\BioSeq.vcxproj" (target "ComputeCLGeneratedLinkInputs" depends on it):
Done building target "ComputeCLOutputs" in project "BioSeq.vcxproj".
Target "ComputeCLGeneratedLinkInputs" in file "C:\Program Files (x86)\MSBuild\Microsoft.Cpp\v4.0\V120\Microsoft.CppBuild.targets" from project "C:\Users\sammahdad\Documents\Visual Studio 2013\Projects\BioSeq\BioSeq\BioSeq.vcxproj" (target "_Link" depends on it):
Done building target "ComputeCLGeneratedLinkInputs" in project "BioSeq.vcxproj".
Target "ComputeLinkInputsFromProject" in file "C:\Program Files (x86)\MSBuild\Microsoft.Cpp\v4.0\V120\Microsoft.CppBuild.targets" from project "C:\Users\sammahdad\Documents\Visual Studio 2013\Projects\BioSeq\BioSeq\BioSeq.vcxproj" (target "_Link" depends on it):
Done building target "ComputeLinkInputsFromProject" in project "BioSeq.vcxproj".
Target "ComputeReferenceLinkInputs" skipped, due to false condition; (@(ProjectReference) != '') was evaluated as ( != '').
Target "ComputeManifestInputsTargets" in file "C:\Program Files (x86)\MSBuild\Microsoft.Cpp\v4.0\V120\Microsoft.CppBuild.targets" from project "C:\Users\sammahdad\Documents\Visual Studio 2013\Projects\BioSeq\BioSeq\BioSeq.vcxproj" (target "_Link" depends on it):
Done building target "ComputeManifestInputsTargets" in project "BioSeq.vcxproj".
Target "ManifestResourceCompile" skipped, due to false condition; ('$(EmbedManifestBy)' == 'LINK' and '@(Manifest)' != '') was evaluated as ('LINK' == 'LINK' and '' != '').
Target "AssignWinFXEmbeddedResource" skipped, due to false condition; ('@(WinFXEmbeddedResource)' != '') was evaluated as ('' != '').
Target "AssignTargetPaths" in file "C:\Program Files (x86)\MSBuild\12.0\bin\Microsoft.Common.CurrentVersion.targets" from project "C:\Users\sammahdad\Documents\Visual Studio 2013\Projects\BioSeq\BioSeq\BioSeq.vcxproj" (target "PrepareResourceNames" depends on it):
Using "AssignTargetPath" task from assembly "Microsoft.Build.Tasks.v12.0, Version=12.0.0.0, Culture=neutral, PublicKeyToken=b03f5f7f11d50a3a".
Task "AssignTargetPath"
Done executing task "AssignTargetPath".
Task "AssignTargetPath"
Done executing task "AssignTargetPath".
Task "AssignTargetPath"
Done executing task "AssignTargetPath".
Task "AssignTargetPath"
Done executing task "AssignTargetPath".
Task "AssignTargetPath" skipped, due to false condition; ('@(_DeploymentBaseManifestWithTargetPath)'=='' and '%(None.Extension)'=='.manifest') was evaluated as (''=='' and ''=='.manifest').
Done building target "AssignTargetPaths" in project "BioSeq.vcxproj".
Target "AssignTargetPaths" skipped. Previously built successfully.
Target "SplitResourcesByCulture" in file "C:\Program Files (x86)\MSBuild\12.0\bin\Microsoft.Common.CurrentVersion.targets" from project "C:\Users\sammahdad\Documents\Visual Studio 2013\Projects\BioSeq\BioSeq\BioSeq.vcxproj" (target "PrepareResourceNames" depends on it):
Task "Warning" skipped, due to false condition; ('@(ResxWithNoCulture)'!='') was evaluated as (''!='').
Task "Warning" skipped, due to false condition; ('@(ResxWithCulture)'!='') was evaluated as (''!='').
Task "Warning" skipped, due to false condition; ('@(NonResxWithCulture)'!='') was evaluated as (''!='').
Task "Warning" skipped, due to false condition; ('@(NonResxWithNoCulture)'!='') was evaluated as (''!='').
Using "AssignCulture" task from assembly "Microsoft.Build.Tasks.v12.0, Version=12.0.0.0, Culture=neutral, PublicKeyToken=b03f5f7f11d50a3a".
Task "AssignCulture"
Done executing task "AssignCulture".
Done building target "SplitResourcesByCulture" in project "BioSeq.vcxproj".
Target "CreateManifestResourceNames" skipped, due to false condition; ('@(EmbeddedResource)' != '') was evaluated as ('' != '').
Target "CreateCustomManifestResourceNames" in file "C:\Program Files (x86)\MSBuild\12.0\bin\Microsoft.Common.CurrentVersion.targets" from project "C:\Users\sammahdad\Documents\Visual Studio 2013\Projects\BioSeq\BioSeq\BioSeq.vcxproj" (target "PrepareResourceNames" depends on it):
Done building target "CreateCustomManifestResourceNames" in project "BioSeq.vcxproj".
Target "PrepareResourceNames" in file "C:\Program Files (x86)\MSBuild\12.0\bin\Microsoft.Common.CurrentVersion.targets" from project "C:\Users\sammahdad\Documents\Visual Studio 2013\Projects\BioSeq\BioSeq\BioSeq.vcxproj" (target "_Link" depends on it):
Done building target "PrepareResourceNames" in project "BioSeq.vcxproj".
Target "MakeDirsForLink" in file "C:\Program Files (x86)\MSBuild\Microsoft.Cpp\v4.0\V120\Microsoft.CppBuild.targets" from project "C:\Users\sammahdad\Documents\Visual Studio 2013\Projects\BioSeq\BioSeq\BioSeq.vcxproj" (target "_Link" depends on it):
Task "MakeDir"
Done executing task "MakeDir".
Done building target "MakeDirsForLink" in project "BioSeq.vcxproj".
Target "DoLinkOutputFilesMatch" in file "C:\Program Files (x86)\MSBuild\Microsoft.Cpp\v4.0\V120\Microsoft.CppBuild.targets" from project "C:\Users\sammahdad\Documents\Visual Studio 2013\Projects\BioSeq\BioSeq\BioSeq.vcxproj" (target "_Link" depends on it):
Task "VCMessage" skipped, due to false condition; ('@(_OutputFileFromLink)' == '') was evaluated as ('C:\Users\sammahdad\Documents\Visual Studio 2013\Projects\BioSeq\Debug\BioSeq.exe' == '').
Task "VCMessage" skipped, due to false condition; ('@(_OutputFileFromLink)' != '' and '%(_OutputFileFromLink.FullPath)' != '$([System.IO.Path]::GetFullPath($(TargetPath)))') was evaluated as ('C:\Users\sammahdad\Documents\Visual Studio 2013\Projects\BioSeq\Debug\BioSeq.exe' != '' and 'C:\Users\sammahdad\Documents\Visual Studio 2013\Projects\BioSeq\Debug\BioSeq.exe' != 'C:\Users\sammahdad\Documents\Visual Studio 2013\Projects\BioSeq\Debug\BioSeq.exe').
Task "VCMessage" skipped, due to false condition; ('@(_OutputFileFromLink)' != '' and '%(_OutputFileFromLink.Extension)' != '' and '%(_OutputFileFromLink.Extension)' != '$(TargetExt)') was evaluated as ('C:\Users\sammahdad\Documents\Visual Studio 2013\Projects\BioSeq\Debug\BioSeq.exe' != '' and '.exe' != '' and '.exe' != '.exe').
Task "VCMessage" skipped, due to false condition; ('@(_OutputFileFromLink)' != '' and '%(_OutputFileFromLink.Filename)' != '' and '%(_OutputFileFromLink.Filename)' != '$(TargetName)') was evaluated as ('C:\Users\sammahdad\Documents\Visual Studio 2013\Projects\BioSeq\Debug\BioSeq.exe' != '' and 'BioSeq' != '' and 'BioSeq' != 'BioSeq').
Task "VCMessage" skipped, due to false condition; ('%(Link.MinimumRequiredVersion)' != '' and ('%(Link.Subsystem)' == '' or '%(Link.Subsystem)' == 'NotSet')) was evaluated as ('' != '' and ('' == '' or '' == 'NotSet')).
Done building target "DoLinkOutputFilesMatch" in project "BioSeq.vcxproj".
Target "PreLinkEvent" in file "C:\Program Files (x86)\MSBuild\Microsoft.Cpp\v4.0\V120\Microsoft.CppCommon.targets" from project "C:\Users\sammahdad\Documents\Visual Studio 2013\Projects\BioSeq\BioSeq\BioSeq.vcxproj" (target "_Link" depends on it):
Task "Message" skipped, due to false condition; ('%(PreLinkEvent.Message)' != '' and '%(PreLinkEvent.Command)' != '') was evaluated as ('' != '' and '' != '').
Task "Exec" skipped, due to false condition; ('%(PreLinkEvent.Command)' != '') was evaluated as ('' != '').
Done building target "PreLinkEvent" in project "BioSeq.vcxproj".
Target "ComputeLinkSwitches" in file "C:\Program Files (x86)\MSBuild\Microsoft.Cpp\v4.0\V120\Microsoft.CppCommon.targets" from project "C:\Users\sammahdad\Documents\Visual Studio 2013\Projects\BioSeq\BioSeq\BioSeq.vcxproj" (target "Link" depends on it):
Done building target "ComputeLinkSwitches" in project "BioSeq.vcxproj".
Target "Link" in file "C:\Program Files (x86)\MSBuild\Microsoft.Cpp\v4.0\V120\Microsoft.CppCommon.targets" from project "C:\Users\sammahdad\Documents\Visual Studio 2013\Projects\BioSeq\BioSeq\BioSeq.vcxproj" (target "_Link" depends on it):
Using "Link" task from assembly "C:\Program Files (x86)\MSBuild\Microsoft.Cpp\v4.0\V120\Microsoft.Build.CppTasks.Common.dll".
Task "Link"
  Write Tracking Logs:
  	Debug\BioSeq.tlog\link.write.1.tlog
  Read Tracking Logs:
  	Debug\BioSeq.tlog\link.read.1.tlog
  Outputs for C:\USERS\SAMMAHDAD\DOCUMENTS\VISUAL STUDIO 2013\PROJECTS\BIOSEQ\BIOSEQ\DEBUG\CHROMOSOME.OBJ|C:\USERS\SAMMAHDAD\DOCUMENTS\VISUAL STUDIO 2013\PROJECTS\BIOSEQ\BIOSEQ\DEBUG\DNA.OBJ|C:\USERS\SAMMAHDAD\DOCUMENTS\VISUAL STUDIO 2013\PROJECTS\BIOSEQ\BIOSEQ\DEBUG\HUMAN.OBJ|C:\USERS\SAMMAHDAD\DOCUMENTS\VISUAL STUDIO 2013\PROJECTS\BIOSEQ\BIOSEQ\DEBUG\MAIN.OBJ:
  	C:\USERS\SAMMAHDAD\DOCUMENTS\VISUAL STUDIO 2013\PROJECTS\BIOSEQ\DEBUG\BIOSEQ.ILK
  	C:\USERS\SAMMAHDAD\DOCUMENTS\VISUAL STUDIO 2013\PROJECTS\BIOSEQ\DEBUG\BIOSEQ.EXE
  	C:\USERS\SAMMAHDAD\DOCUMENTS\VISUAL STUDIO 2013\PROJECTS\BIOSEQ\DEBUG\BIOSEQ.PDB
  Inputs for C:\USERS\SAMMAHDAD\DOCUMENTS\VISUAL STUDIO 2013\PROJECTS\BIOSEQ\BIOSEQ\DEBUG\CHROMOSOME.OBJ|C:\USERS\SAMMAHDAD\DOCUMENTS\VISUAL STUDIO 2013\PROJECTS\BIOSEQ\BIOSEQ\DEBUG\DNA.OBJ|C:\USERS\SAMMAHDAD\DOCUMENTS\VISUAL STUDIO 2013\PROJECTS\BIOSEQ\BIOSEQ\DEBUG\HUMAN.OBJ|C:\USERS\SAMMAHDAD\DOCUMENTS\VISUAL STUDIO 2013\PROJECTS\BIOSEQ\BIOSEQ\DEBUG\MAIN.OBJ:
  	C:\PROGRAM FILES (X86)\WINDOWS KITS\8.1\LIB\WINV6.3\UM\X86\KERNEL32.LIB
  	C:\PROGRAM FILES (X86)\WINDOWS KITS\8.1\LIB\WINV6.3\UM\X86\USER32.LIB
  	C:\PROGRAM FILES (X86)\WINDOWS KITS\8.1\LIB\WINV6.3\UM\X86\GDI32.LIB
  	C:\PROGRAM FILES (X86)\WINDOWS KITS\8.1\LIB\WINV6.3\UM\X86\WINSPOOL.LIB
  	C:\PROGRAM FILES (X86)\WINDOWS KITS\8.1\LIB\WINV6.3\UM\X86\COMDLG32.LIB
  	C:\PROGRAM FILES (X86)\WINDOWS KITS\8.1\LIB\WINV6.3\UM\X86\ADVAPI32.LIB
  	C:\PROGRAM FILES (X86)\WINDOWS KITS\8.1\LIB\WINV6.3\UM\X86\SHELL32.LIB
  	C:\PROGRAM FILES (X86)\WINDOWS KITS\8.1\LIB\WINV6.3\UM\X86\OLE32.LIB
  	C:\PROGRAM FILES (X86)\WINDOWS KITS\8.1\LIB\WINV6.3\UM\X86\OLEAUT32.LIB
  	C:\PROGRAM FILES (X86)\WINDOWS KITS\8.1\LIB\WINV6.3\UM\X86\UUID.LIB
  	C:\PROGRAM FILES (X86)\WINDOWS KITS\8.1\LIB\WINV6.3\UM\X86\ODBC32.LIB
  	C:\PROGRAM FILES (X86)\WINDOWS KITS\8.1\LIB\WINV6.3\UM\X86\ODBCCP32.LIB
  	C:\USERS\SAMMAHDAD\DOCUMENTS\VISUAL STUDIO 2013\PROJECTS\BIOSEQ\BIOSEQ\DEBUG\CHROMOSOME.OBJ
  	C:\USERS\SAMMAHDAD\DOCUMENTS\VISUAL STUDIO 2013\PROJECTS\BIOSEQ\BIOSEQ\DEBUG\DNA.OBJ
  	C:\USERS\SAMMAHDAD\DOCUMENTS\VISUAL STUDIO 2013\PROJECTS\BIOSEQ\BIOSEQ\DEBUG\HUMAN.OBJ
  	C:\USERS\SAMMAHDAD\DOCUMENTS\VISUAL STUDIO 2013\PROJECTS\BIOSEQ\BIOSEQ\DEBUG\MAIN.OBJ
  	C:\WINDOWS\GLOBALIZATION\SORTING\SORTDEFAULT.NLS
  	C:\PROGRAM FILES (X86)\MICROSOFT VISUAL STUDIO 12.0\VC\LIB\MSVCPRTD.LIB
  	C:\PROGRAM FILES (X86)\MICROSOFT VISUAL STUDIO 12.0\VC\LIB\MSVCRTD.LIB
  	C:\PROGRAM FILES (X86)\MICROSOFT VISUAL STUDIO 12.0\VC\LIB\OLDNAMES.LIB
  Source compilation required: input C:\USERS\SAMMAHDAD\DOCUMENTS\VISUAL STUDIO 2013\PROJECTS\BIOSEQ\BIOSEQ\DEBUG\MAIN.OBJ is newer than output C:\USERS\SAMMAHDAD\DOCUMENTS\VISUAL STUDIO 2013\PROJECTS\BIOSEQ\DEBUG\BIOSEQ.ILK.
  Environment Variables passed to tool:
    VS_UNICODE_OUTPUT=968
  C:\Program Files (x86)\Microsoft Visual Studio 12.0\VC\bin\link.exe /ERRORREPORT:PROMPT /OUT:"C:\Users\sammahdad\Documents\Visual Studio 2013\Projects\BioSeq\Debug\BioSeq.exe" /INCREMENTAL /NOLOGO kernel32.lib user32.lib gdi32.lib winspool.lib comdlg32.lib advapi32.lib shell32.lib ole32.lib oleaut32.lib uuid.lib odbc32.lib odbccp32.lib /MANIFEST /MANIFESTUAC:"level='asInvoker' uiAccess='false'" /manifest:embed /DEBUG /PDB:"C:\Users\sammahdad\Documents\Visual Studio 2013\Projects\BioSeq\Debug\BioSeq.pdb" /TLBID:1 /DYNAMICBASE /NXCOMPAT /IMPLIB:"C:\Users\sammahdad\Documents\Visual Studio 2013\Projects\BioSeq\Debug\BioSeq.lib" /MACHINE:X86 Debug\Chromosome.obj
  Debug\DNA.obj
  Debug\Human.obj
  Debug\Main.obj
  Tracking command:
  C:\Program Files (x86)\MSBuild\12.0\bin\Tracker.exe /a /d "C:\Program Files (x86)\MSBuild\12.0\bin\FileTracker.dll" /i "C:\Users\sammahdad\Documents\Visual Studio 2013\Projects\BioSeq\BioSeq\Debug\BioSeq.tlog" /r "C:\USERS\SAMMAHDAD\DOCUMENTS\VISUAL STUDIO 2013\PROJECTS\BIOSEQ\BIOSEQ\DEBUG\CHROMOSOME.OBJ|C:\USERS\SAMMAHDAD\DOCUMENTS\VISUAL STUDIO 2013\PROJECTS\BIOSEQ\BIOSEQ\DEBUG\DNA.OBJ|C:\USERS\SAMMAHDAD\DOCUMENTS\VISUAL STUDIO 2013\PROJECTS\BIOSEQ\BIOSEQ\DEBUG\HUMAN.OBJ|C:\USERS\SAMMAHDAD\DOCUMENTS\VISUAL STUDIO 2013\PROJECTS\BIOSEQ\BIOSEQ\DEBUG\MAIN.OBJ" /b MSBuildConsole_CancelEvent308628f1aca047df8c9309f08581dc1e  /c "C:\Program Files (x86)\Microsoft Visual Studio 12.0\VC\bin\link.exe"  /ERRORREPORT:PROMPT /OUT:"C:\Users\sammahdad\Documents\Visual Studio 2013\Projects\BioSeq\Debug\BioSeq.exe" /INCREMENTAL /NOLOGO kernel32.lib user32.lib gdi32.lib winspool.lib comdlg32.lib advapi32.lib shell32.lib ole32.lib oleaut32.lib uuid.lib odbc32.lib odbccp32.lib /MANIFEST /MANIFESTUAC:"level='asInvoker' uiAccess='false'" /manifest:embed /DEBUG /PDB:"C:\Users\sammahdad\Documents\Visual Studio 2013\Projects\BioSeq\Debug\BioSeq.pdb" /TLBID:1 /DYNAMICBASE /NXCOMPAT /IMPLIB:"C:\Users\sammahdad\Documents\Visual Studio 2013\Projects\BioSeq\Debug\BioSeq.lib" /MACHINE:X86 Debug\Chromosome.obj
  Debug\DNA.obj
  Debug\Human.obj
  Debug\Main.obj
Done executing task "Link".
Task "Message"
  BioSeq.vcxproj -> C:\Users\sammahdad\Documents\Visual Studio 2013\Projects\BioSeq\Debug\BioSeq.exe
Done executing task "Message".
Done building target "Link" in project "BioSeq.vcxproj".
Target "MetaGenInputsOutputs" skipped, due to false condition; ('$(EnableManagedIncrementalBuild)' == 'True') was evaluated as ('false' == 'True').
Target "ComputeMetaGenInputs" skipped, due to false condition; ('$(CLRSupport)'!='' and '$(CLRSupport)'!='false') was evaluated as ('false'!='' and 'false'!='false').
Target "MetaGen" skipped, due to false condition; ('@(MetaGen)' != '') was evaluated as ('' != '').
Target "ComputeLinkImportLibraryOutputsForClean" in file "C:\Program Files (x86)\MSBuild\Microsoft.Cpp\v4.0\V120\Microsoft.CppBuild.targets" from project "C:\Users\sammahdad\Documents\Visual Studio 2013\Projects\BioSeq\BioSeq\BioSeq.vcxproj" (target "_Link" depends on it):
Task "WriteLinesToFile" skipped, due to false condition; ('@(_LinkSecondaryOutput)' != '') was evaluated as ('' != '').
Done building target "ComputeLinkImportLibraryOutputsForClean" in project "BioSeq.vcxproj".
Target "AfterLink" in file "C:\Program Files (x86)\MSBuild\Microsoft.Cpp\v4.0\V120\Microsoft.CppBuild.targets" from project "C:\Users\sammahdad\Documents\Visual Studio 2013\Projects\BioSeq\BioSeq\BioSeq.vcxproj" (target "_Link" depends on it):
Done building target "AfterLink" in project "BioSeq.vcxproj".
Target "_Link" in file "C:\Program Files (x86)\MSBuild\Microsoft.Cpp\v4.0\V120\Microsoft.CppBuild.targets" from project "C:\Users\sammahdad\Documents\Visual Studio 2013\Projects\BioSeq\BioSeq\BioSeq.vcxproj" (target "_BuildLinkAction" depends on it):
Done building target "_Link" in project "BioSeq.vcxproj".
Target "_ALink" in file "C:\Program Files (x86)\MSBuild\Microsoft.Cpp\v4.0\V120\Microsoft.CppBuild.targets" from project "C:\Users\sammahdad\Documents\Visual Studio 2013\Projects\BioSeq\BioSeq\BioSeq.vcxproj" (target "_BuildLinkAction" depends on it):
Done building target "_ALink" in project "BioSeq.vcxproj".
Target "ComputeLegacyManifestEmbedding" skipped. Previously built successfully.
Target "_Manifest" in file "C:\Program Files (x86)\MSBuild\Microsoft.Cpp\v4.0\V120\Microsoft.CppBuild.targets" from project "C:\Users\sammahdad\Documents\Visual Studio 2013\Projects\BioSeq\BioSeq\BioSeq.vcxproj" (target "_BuildLinkAction" depends on it):
Task "CallTarget" skipped, due to false condition; ('$(LegacyManifestEmbedding)' == 'true') was evaluated as ('' == 'true').
Done building target "_Manifest" in project "BioSeq.vcxproj".
Target "RegisterOutput" in file "C:\Program Files (x86)\MSBuild\Microsoft.Cpp\v4.0\V120\Microsoft.CppCommon.targets" from project "C:\Users\sammahdad\Documents\Visual Studio 2013\Projects\BioSeq\BioSeq\BioSeq.vcxproj" (target "_BuildLinkAction" depends on it):
Task "Exec" skipped, due to false condition; ('$(ConfigurationType)'=='DynamicLibrary' and '%(Link.RegisterOutput)'=='true' and '%(Link.PerUserRedirection)'!='true') was evaluated as ('Application'=='DynamicLibrary' and 'false'=='true' and 'false'!='true').
Task "Exec" skipped, due to false condition; ('$(ConfigurationType)'=='DynamicLibrary' and '%(Link.RegisterOutput)'=='true' and '%(Link.PerUserRedirection)'=='true') was evaluated as ('Application'=='DynamicLibrary' and 'false'=='true' and 'false'=='true').
Task "Exec" skipped, due to false condition; ('$(ConfigurationType)'=='Application' and '%(Link.RegisterOutput)'=='true' and '%(Link.PerUserRedirection)'!='true') was evaluated as ('Application'=='Application' and 'false'=='true' and 'false'!='true').
Task "Exec" skipped, due to false condition; ('$(ConfigurationType)'=='Application' and '%(Link.RegisterOutput)'=='true' and '%(Link.PerUserRedirection)'=='true') was evaluated as ('Application'=='Application' and 'false'=='true' and 'false'=='true').
Task "VCMessage" skipped, due to false condition; ('$(_RegisterOutputExitCode)' != '' and '$(_RegisterOutputExitCode)' != '0') was evaluated as ('' != '' and '' != '0').
Done building target "RegisterOutput" in project "BioSeq.vcxproj".
Target "PrepareForBuild" skipped. Previously built successfully.
Target "ResolveReferences" skipped. Previously built successfully.
Target "ResolvedXDCMake" in file "C:\Program Files (x86)\MSBuild\Microsoft.Cpp\v4.0\V120\Microsoft.CppBuild.targets" from project "C:\Users\sammahdad\Documents\Visual Studio 2013\Projects\BioSeq\BioSeq\BioSeq.vcxproj" (target "_XdcMake" depends on it):
Task "MSBuild" skipped, due to false condition; ('%(_MSBuildProjectReferenceExistent.Extension)' == '.vcxproj' and '@(ProjectReferenceWithConfiguration)' != '' and '@(_MSBuildProjectReferenceExistent)' != '' and '$(_ClCompileGenerateXMLDocumentationFiles)' == 'true') was evaluated as ('' == '.vcxproj' and '' != '' and '' != '' and '' == 'true').
Done building target "ResolvedXDCMake" in project "BioSeq.vcxproj".
Target "ComputeCLCompileGeneratedXDCFiles" in file "C:\Program Files (x86)\MSBuild\Microsoft.Cpp\v4.0\V120\Microsoft.CppBuild.targets" from project "C:\Users\sammahdad\Documents\Visual Studio 2013\Projects\BioSeq\BioSeq\BioSeq.vcxproj" (target "_XdcMake" depends on it):
Done building target "ComputeCLCompileGeneratedXDCFiles" in project "BioSeq.vcxproj".
Target "MakeDirsForXdcMake" in file "C:\Program Files (x86)\MSBuild\Microsoft.Cpp\v4.0\V120\Microsoft.CppBuild.targets" from project "C:\Users\sammahdad\Documents\Visual Studio 2013\Projects\BioSeq\BioSeq\BioSeq.vcxproj" (target "_XdcMake" depends on it):
Task "MakeDir"
Done executing task "MakeDir".
Done building target "MakeDirsForXdcMake" in project "BioSeq.vcxproj".
Target "XdcMake" skipped, due to false condition; ('@(XdcMake)' != '') was evaluated as ('' != '').
Target "_XdcMake" in file "C:\Program Files (x86)\MSBuild\Microsoft.Cpp\v4.0\V120\Microsoft.CppBuild.targets" from project "C:\Users\sammahdad\Documents\Visual Studio 2013\Projects\BioSeq\BioSeq\BioSeq.vcxproj" (target "_BuildLinkAction" depends on it):
Done building target "_XdcMake" in project "BioSeq.vcxproj".
Target "ComputeCLCompileGeneratedSbrFiles" in file "C:\Program Files (x86)\MSBuild\Microsoft.Cpp\v4.0\V120\Microsoft.CppBuild.targets" from project "C:\Users\sammahdad\Documents\Visual Studio 2013\Projects\BioSeq\BioSeq\BioSeq.vcxproj" (target "_BscMake" depends on it):
Done building target "ComputeCLCompileGeneratedSbrFiles" in project "BioSeq.vcxproj".
Target "MakeDirsForBscMake" in file "C:\Program Files (x86)\MSBuild\Microsoft.Cpp\v4.0\V120\Microsoft.CppBuild.targets" from project "C:\Users\sammahdad\Documents\Visual Studio 2013\Projects\BioSeq\BioSeq\BioSeq.vcxproj" (target "_BscMake" depends on it):
Task "MakeDir"
Done executing task "MakeDir".
Done building target "MakeDirsForBscMake" in project "BioSeq.vcxproj".
Target "BscMake" skipped, due to false condition; ('@(BscMake)' != '') was evaluated as ('' != '').
Target "CustomBuildStep" skipped, due to false condition; ('@(CustomBuildStep)' != '' and '$(SelectedFiles)'=='') was evaluated as ('' != '' and ''=='').
Target "_BscMake" in file "C:\Program Files (x86)\MSBuild\Microsoft.Cpp\v4.0\V120\Microsoft.CppBuild.targets" from project "C:\Users\sammahdad\Documents\Visual Studio 2013\Projects\BioSeq\BioSeq\BioSeq.vcxproj" (target "_BuildLinkAction" depends on it):
Done building target "_BscMake" in project "BioSeq.vcxproj".
Target "RunMergeNativeCodeAnalysis" skipped, due to false condition; ('$(Language)'=='C++' and '$(RunCodeAnalysisOnThisProject)'=='true') was evaluated as ('C++'=='C++' and ''=='true').
Target "RunNativeCodeAnalysis" skipped, due to false condition; ('$(Language)'=='C++' and '$(RunCodeAnalysisOnThisProject)'=='true') was evaluated as ('C++'=='C++' and ''=='true').
Target "_GenerateSatelliteAssemblyInputs" in file "C:\Program Files (x86)\MSBuild\12.0\bin\Microsoft.Common.CurrentVersion.targets" from project "C:\Users\sammahdad\Documents\Visual Studio 2013\Projects\BioSeq\BioSeq\BioSeq.vcxproj" (target "CreateSatelliteAssemblies" depends on it):
Task "Warning" skipped, due to false condition; ('@(ManifestResourceWithCulture)'!='' and '%(ManifestResourceWithCulture.EmittedForCompatibilityOnly)'=='') was evaluated as (''!='' and ''=='').
Task "Warning" skipped, due to false condition; ('@(ManifestNonResxWithCultureOnDisk)'!='' and '%(ManifestNonResxWithCultureOnDisk.EmittedForCompatibilityOnly)'=='') was evaluated as (''!='' and ''=='').
Done building target "_GenerateSatelliteAssemblyInputs" in project "BioSeq.vcxproj".
Target "ComputeIntermediateSatelliteAssemblies" skipped, due to false condition; (@(ReferenceSatellitePaths->'%(DestinationSubDirectory)') != '') was evaluated as ( != '').
Target "GenerateSatelliteAssemblies" skipped, due to false condition; ('@(_SatelliteAssemblyResourceInputs)' != '') was evaluated as ('' != '').
Target "CreateSatelliteAssemblies" in file "C:\Program Files (x86)\MSBuild\12.0\bin\Microsoft.Common.CurrentVersion.targets" from project "C:\Users\sammahdad\Documents\Visual Studio 2013\Projects\BioSeq\BioSeq\BioSeq.vcxproj" (target "_BuildLinkAction" depends on it):
Done building target "CreateSatelliteAssemblies" in project "BioSeq.vcxproj".
Target "_Appverifier" in file "C:\Program Files (x86)\MSBuild\Microsoft.Cpp\v4.0\V120\Microsoft.CppBuild.targets" from project "C:\Users\sammahdad\Documents\Visual Studio 2013\Projects\BioSeq\BioSeq\BioSeq.vcxproj" (target "_BuildLinkAction" depends on it):
Done building target "_Appverifier" in project "BioSeq.vcxproj".
Target "_Deploy" in file "C:\Program Files (x86)\MSBuild\Microsoft.Cpp\v4.0\V120\Microsoft.CppBuild.targets" from project "C:\Users\sammahdad\Documents\Visual Studio 2013\Projects\BioSeq\BioSeq\BioSeq.vcxproj" (target "_BuildLinkAction" depends on it):
Done building target "_Deploy" in project "BioSeq.vcxproj".
Target "ComputeIntermediateSatelliteAssemblies" skipped, due to false condition; (@(ReferenceSatellitePaths->'%(DestinationSubDirectory)') != '') was evaluated as ( != '').
Target "_CopyFilesMarkedCopyLocal" skipped, due to false condition; ('@(ReferenceCopyLocalPaths)' != '') was evaluated as ('' != '').
Target "AssignTargetPaths" skipped. Previously built successfully.
Target "_SplitProjectReferencesByFileExistence" skipped. Previously built successfully.
Target "GetCopyToOutputDirectoryXamlAppDefs" in file "C:\Windows\Microsoft.NET\Framework\v4.0.30319\Microsoft.Xaml.targets" from project "C:\Users\sammahdad\Documents\Visual Studio 2013\Projects\BioSeq\BioSeq\BioSeq.vcxproj" (target "GetCopyToOutputDirectoryItems" depends on it):
Task "AssignTargetPath"
Done executing task "AssignTargetPath".
Done building target "GetCopyToOutputDirectoryXamlAppDefs" in project "BioSeq.vcxproj".
Target "GetCopyToOutputDirectoryItems" in file "C:\Program Files (x86)\MSBuild\12.0\bin\Microsoft.Common.CurrentVersion.targets" from project "C:\Users\sammahdad\Documents\Visual Studio 2013\Projects\BioSeq\BioSeq\BioSeq.vcxproj" (target "_CopySourceItemsToOutputDirectory" depends on it):
Task "MSBuild" skipped, due to false condition; ('@(_MSBuildProjectReferenceExistent)' != '' and '$(_GetChildProjectCopyToOutputDirectoryItems)' == 'true' and '%(_MSBuildProjectReferenceExistent.Private)' != 'false' and '$(UseCommonOutputDirectory)' != 'true') was evaluated as ('' != '' and 'true' == 'true' and '' != 'false' and 'false' != 'true').
Task "AssignTargetPath"
Done executing task "AssignTargetPath".
Done building target "GetCopyToOutputDirectoryItems" in project "BioSeq.vcxproj".
Target "_CopyOutOfDateSourceItemsToOutputDirectory" skipped, due to false condition; ( '@(_SourceItemsToCopyToOutputDirectory)' != '' ) was evaluated as ( '' != '' ).
Target "_CopyOutOfDateSourceItemsToOutputDirectoryAlways" skipped, due to false condition; ( '@(_SourceItemsToCopyToOutputDirectoryAlways)' != '' ) was evaluated as ( '' != '' ).
Target "_CopySourceItemsToOutputDirectory" in file "C:\Program Files (x86)\MSBuild\12.0\bin\Microsoft.Common.CurrentVersion.targets" from project "C:\Users\sammahdad\Documents\Visual Studio 2013\Projects\BioSeq\BioSeq\BioSeq.vcxproj" (target "CopyFilesToOutputDirectory" depends on it):
Done building target "_CopySourceItemsToOutputDirectory" in project "BioSeq.vcxproj".
Target "_CopyAppConfigFile" skipped, due to false condition; ( '@(AppConfigWithTargetPath)' != '' ) was evaluated as ( '' != '' ).
Target "_CopyManifestFiles" skipped, due to false condition; ( '$(_DeploymentCopyApplicationManifest)'=='true' or '$(GenerateClickOnceManifests)'=='true' ) was evaluated as ( ''=='true' or ''=='true' ).
Target "_CheckForCompileOutputs" in file "C:\Program Files (x86)\MSBuild\12.0\bin\Microsoft.Common.CurrentVersion.targets" from project "C:\Users\sammahdad\Documents\Visual Studio 2013\Projects\BioSeq\BioSeq\BioSeq.vcxproj" (target "CopyFilesToOutputDirectory" depends on it):
Done building target "_CheckForCompileOutputs" in project "BioSeq.vcxproj".
Target "_SGenCheckForOutputs" skipped, due to false condition; ('$(_SGenGenerateSerializationAssembliesConfig)' == 'On' or ('@(WebReferenceUrl)'!='' and '$(_SGenGenerateSerializationAssembliesConfig)' == 'Auto')) was evaluated as ('Off' == 'On' or (''!='' and 'Off' == 'Auto')).
Target "CopyFilesToOutputDirectory" in file "C:\Program Files (x86)\MSBuild\12.0\bin\Microsoft.Common.CurrentVersion.targets" from project "C:\Users\sammahdad\Documents\Visual Studio 2013\Projects\BioSeq\BioSeq\BioSeq.vcxproj" (target "PrepareForRun" depends on it):
Task "Copy" skipped, due to false condition; ('$(CopyBuildOutputToOutputDirectory)' == 'true' and '$(SkipCopyBuildProduct)' != 'true') was evaluated as ('true' == 'true' and 'true' != 'true').
Task "Message" skipped, due to false condition; ('$(CopyBuildOutputToOutputDirectory)' == 'true' and '$(SkipCopyBuildProduct)'!='true') was evaluated as ('true' == 'true' and 'true'!='true').
Task "Copy" skipped, due to false condition; ('@(AddModules)' != '') was evaluated as ('' != '').
Task "Copy" skipped, due to false condition; ('$(_SGenDllCreated)'=='true') was evaluated as ('false'=='true').
Task "Copy" skipped, due to false condition; ('$(_DebugSymbolsProduced)'=='true' and '$(SkipCopyingSymbolsToOutputDirectory)' != 'true' and '$(CopyOutputSymbolsToOutputDirectory)'=='true') was evaluated as ('false'=='true' and '' != 'true' and 'true'=='true').
Task "Copy" skipped, due to false condition; ('$(_DocumentationFileProduced)'=='true') was evaluated as ('false'=='true').
Task "Copy" skipped, due to false condition; ('@(IntermediateSatelliteAssembliesWithTargetPath)' != '') was evaluated as ('' != '').
Task "Copy" skipped, due to false condition; ('@(ReferenceComWrappersToCopyLocal)' != '' or '@(ResolvedIsolatedComModules)' != '' or '@(_DeploymentLooseManifestFile)' != '' or '@(NativeReferenceFile)' != '' ) was evaluated as ('' != '' or '' != '' or '' != '' or '' != '' ).
Task "Copy" skipped, due to false condition; ('$(SkipCopyWinMDArtifact)' != 'true' and '@(WinMDExpArtifacts)' != '') was evaluated as ('' != 'true' and '' != '').
Task "Message" skipped, due to false condition; ('$(SkipCopyWinMDArtifact)' != 'true' and '$(_WindowsMetadataOutputPath)' != '') was evaluated as ('' != 'true' and '' != '').
Done building target "CopyFilesToOutputDirectory" in project "BioSeq.vcxproj".
Target "PrepareForRun" in file "C:\Program Files (x86)\MSBuild\12.0\bin\Microsoft.Common.CurrentVersion.targets" from project "C:\Users\sammahdad\Documents\Visual Studio 2013\Projects\BioSeq\BioSeq\BioSeq.vcxproj" (target "_BuildLinkAction" depends on it):
Done building target "PrepareForRun" in project "BioSeq.vcxproj".
Target "CustomBuildStep" skipped, due to false condition; ('@(CustomBuildStep)' != '' and '$(SelectedFiles)'=='') was evaluated as ('' != '' and ''=='').
Target "PostBuildEvent" in file "C:\Program Files (x86)\MSBuild\Microsoft.Cpp\v4.0\V120\Microsoft.CppCommon.targets" from project "C:\Users\sammahdad\Documents\Visual Studio 2013\Projects\BioSeq\BioSeq\BioSeq.vcxproj" (target "_BuildLinkAction" depends on it):
Task "Message" skipped, due to false condition; ('%(PostBuildEvent.Message)' != '' and '%(PostBuildEvent.Command)' != '') was evaluated as ('' != '' and '' != '').
Task "Exec" skipped, due to false condition; ('%(PostBuildEvent.Command)' != '') was evaluated as ('' != '').
Done building target "PostBuildEvent" in project "BioSeq.vcxproj".
Target "_BuildLinkAction" in file "C:\Program Files (x86)\MSBuild\Microsoft.Cpp\v4.0\V120\Microsoft.CppBuild.targets" from project "C:\Users\sammahdad\Documents\Visual Studio 2013\Projects\BioSeq\BioSeq\BioSeq.vcxproj" (target "BuildLink" depends on it):
Done building target "_BuildLinkAction" in project "BioSeq.vcxproj".
Target "BuildLink" in file "C:\Program Files (x86)\MSBuild\12.0\bin\Microsoft.Common.CurrentVersion.targets" from project "C:\Users\sammahdad\Documents\Visual Studio 2013\Projects\BioSeq\BioSeq\BioSeq.vcxproj" (target "Build" depends on it):
Done building target "BuildLink" in project "BioSeq.vcxproj".
Target "CreateTfsBuildInfoResource" skipped, due to false condition; ( $(AddBuildInfoToAssembly)==true ) was evaluated as ( false==true ).
Target "AfterBuild" in file "C:\Program Files (x86)\MSBuild\Microsoft.Cpp\v4.0\V120\Microsoft.BuildSteps.Targets" from project "C:\Users\sammahdad\Documents\Visual Studio 2013\Projects\BioSeq\BioSeq\BioSeq.vcxproj" (target "Build" depends on it):
Done building target "AfterBuild" in project "BioSeq.vcxproj".
Target "FinalizeBuildStatus" in file "C:\Program Files (x86)\MSBuild\Microsoft.Cpp\v4.0\V120\Microsoft.CppBuild.targets" from project "C:\Users\sammahdad\Documents\Visual Studio 2013\Projects\BioSeq\BioSeq\BioSeq.vcxproj" (target "Build" depends on it):
Using "Delete" task from assembly "Microsoft.Build.Tasks.v12.0, Version=12.0.0.0, Culture=neutral, PublicKeyToken=b03f5f7f11d50a3a".
Task "Delete"
  Deleting file "Debug\BioSeq.tlog\unsuccessfulbuild".
Done executing task "Delete".
Task "Touch"
  Touching "Debug\BioSeq.tlog\BioSeq.lastbuildstate".
Done executing task "Touch".
Done building target "FinalizeBuildStatus" in project "BioSeq.vcxproj".
Target "Build" in file "C:\Program Files (x86)\MSBuild\Microsoft.Cpp\v4.0\V120\Microsoft.BuildSteps.Targets" from project "C:\Users\sammahdad\Documents\Visual Studio 2013\Projects\BioSeq\BioSeq\BioSeq.vcxproj" (entry point):
Done building target "Build" in project "BioSeq.vcxproj".
Done Building Project "C:\Users\sammahdad\Documents\Visual Studio 2013\Projects\BioSeq\BioSeq\BioSeq.vcxproj" (Build target(s)).

Build succeeded.

Time Elapsed 00:00:02.07
